[32mINFO[0m:     [07-03-2025 13:42:21] Set chroma_server_nofile to 65535
[32mINFO[0m:     [07-03-2025 13:42:21] Anonymized telemetry enabled. See                     https://docs.trychroma.com/telemetry for more information.
[36mDEBUG[0m:    [07-03-2025 13:42:21] Starting component System
[36mDEBUG[0m:    [07-03-2025 13:42:21] Starting component OpenTelemetryClient
[36mDEBUG[0m:    [07-03-2025 13:42:21] Starting component SqliteDB
[36mDEBUG[0m:    [07-03-2025 13:42:21] Starting component SimpleQuotaEnforcer
[36mDEBUG[0m:    [07-03-2025 13:42:21] Starting component Posthog
[36mDEBUG[0m:    [07-03-2025 13:42:21] Starting component SimpleRateLimitEnforcer
[36mDEBUG[0m:    [07-03-2025 13:42:21] Starting component LocalSegmentManager
[36mDEBUG[0m:    [07-03-2025 13:42:21] Starting component LocalExecutor
[36mDEBUG[0m:    [07-03-2025 13:42:21] Starting component SegmentAPI
[36mDEBUG[0m:    [07-03-2025 13:42:21] Starting component SimpleAsyncRateLimitEnforcer
[32mINFO[0m:     [07-03-2025 13:42:21] Started server process [[36m629602[0m]
[32mINFO[0m:     [07-03-2025 13:42:21] Waiting for application startup.
[32mINFO[0m:     [07-03-2025 13:42:21] Application startup complete.
[32mINFO[0m:     [07-03-2025 13:42:21] Uvicorn running on [1mhttp://localhost:8000[0m (Press CTRL+C to quit)
[32mINFO[0m:     [07-03-2025 13:42:34] 127.0.0.1:44676 - "GET / HTTP/1.1" 404
[32mINFO[0m:     [07-03-2025 13:42:35] 127.0.0.1:44676 - "GET /favicon.ico HTTP/1.1" 404
[32mINFO[0m:     [07-03-2025 13:42:38] Shutting down
[32mINFO[0m:     [07-03-2025 13:42:38] Waiting for application shutdown.
[36mDEBUG[0m:    [07-03-2025 13:42:38] Stopping component System
[36mDEBUG[0m:    [07-03-2025 13:42:38] Stopping component SegmentAPI
[36mDEBUG[0m:    [07-03-2025 13:42:38] Stopping component LocalExecutor
[36mDEBUG[0m:    [07-03-2025 13:42:38] Stopping component LocalSegmentManager
[36mDEBUG[0m:    [07-03-2025 13:42:38] Stopping component SimpleAsyncRateLimitEnforcer
[36mDEBUG[0m:    [07-03-2025 13:42:38] Stopping component SimpleRateLimitEnforcer
[36mDEBUG[0m:    [07-03-2025 13:42:38] Stopping component Posthog
[36mDEBUG[0m:    [07-03-2025 13:42:38] Stopping component SimpleQuotaEnforcer
[36mDEBUG[0m:    [07-03-2025 13:42:38] Stopping component SqliteDB
[36mDEBUG[0m:    [07-03-2025 13:42:38] Stopping component OpenTelemetryClient
[32mINFO[0m:     [07-03-2025 13:42:38] Application shutdown complete.
[32mINFO[0m:     [07-03-2025 13:42:38] Finished server process [[36m629602[0m]
[32mINFO[0m:     [07-03-2025 13:43:55] Set chroma_server_nofile to 65535
[32mINFO[0m:     [07-03-2025 13:43:55] Anonymized telemetry enabled. See                     https://docs.trychroma.com/telemetry for more information.
[36mDEBUG[0m:    [07-03-2025 13:43:55] Starting component System
[36mDEBUG[0m:    [07-03-2025 13:43:55] Starting component OpenTelemetryClient
[36mDEBUG[0m:    [07-03-2025 13:43:55] Starting component SqliteDB
[36mDEBUG[0m:    [07-03-2025 13:43:55] Starting component SimpleQuotaEnforcer
[36mDEBUG[0m:    [07-03-2025 13:43:55] Starting component Posthog
[36mDEBUG[0m:    [07-03-2025 13:43:55] Starting component SimpleRateLimitEnforcer
[36mDEBUG[0m:    [07-03-2025 13:43:55] Starting component LocalSegmentManager
[36mDEBUG[0m:    [07-03-2025 13:43:55] Starting component LocalExecutor
[36mDEBUG[0m:    [07-03-2025 13:43:55] Starting component SegmentAPI
[36mDEBUG[0m:    [07-03-2025 13:43:55] Starting component SimpleAsyncRateLimitEnforcer
[32mINFO[0m:     [07-03-2025 13:43:56] Started server process [[36m631276[0m]
[32mINFO[0m:     [07-03-2025 13:43:56] Waiting for application startup.
[32mINFO[0m:     [07-03-2025 13:43:56] Application startup complete.
[32mINFO[0m:     [07-03-2025 13:43:56] Uvicorn running on [1mhttp://localhost:8000[0m (Press CTRL+C to quit)
[32mINFO[0m:     [07-03-2025 13:44:05] 127.0.0.1:48684 - "GET / HTTP/1.1" 404
[32mINFO[0m:     [07-03-2025 13:44:17] Shutting down
[32mINFO[0m:     [07-03-2025 13:44:17] Waiting for application shutdown.
[36mDEBUG[0m:    [07-03-2025 13:44:17] Stopping component System
[36mDEBUG[0m:    [07-03-2025 13:44:17] Stopping component SegmentAPI
[36mDEBUG[0m:    [07-03-2025 13:44:17] Stopping component LocalExecutor
[36mDEBUG[0m:    [07-03-2025 13:44:17] Stopping component LocalSegmentManager
[36mDEBUG[0m:    [07-03-2025 13:44:17] Stopping component SimpleAsyncRateLimitEnforcer
[36mDEBUG[0m:    [07-03-2025 13:44:17] Stopping component SimpleRateLimitEnforcer
[36mDEBUG[0m:    [07-03-2025 13:44:17] Stopping component Posthog
[36mDEBUG[0m:    [07-03-2025 13:44:17] Stopping component SimpleQuotaEnforcer
[36mDEBUG[0m:    [07-03-2025 13:44:17] Stopping component SqliteDB
[36mDEBUG[0m:    [07-03-2025 13:44:17] Stopping component OpenTelemetryClient
[32mINFO[0m:     [07-03-2025 13:44:17] Application shutdown complete.
[32mINFO[0m:     [07-03-2025 13:44:17] Finished server process [[36m631276[0m]
[32mINFO[0m:     [07-03-2025 13:44:21] Set chroma_server_nofile to 65535
[32mINFO[0m:     [07-03-2025 13:44:21] Anonymized telemetry enabled. See                     https://docs.trychroma.com/telemetry for more information.
[36mDEBUG[0m:    [07-03-2025 13:44:21] Starting component System
[36mDEBUG[0m:    [07-03-2025 13:44:21] Starting component OpenTelemetryClient
[36mDEBUG[0m:    [07-03-2025 13:44:21] Starting component SqliteDB
[36mDEBUG[0m:    [07-03-2025 13:44:21] Starting component SimpleQuotaEnforcer
[36mDEBUG[0m:    [07-03-2025 13:44:21] Starting component Posthog
[36mDEBUG[0m:    [07-03-2025 13:44:21] Starting component SimpleRateLimitEnforcer
[36mDEBUG[0m:    [07-03-2025 13:44:21] Starting component LocalSegmentManager
[36mDEBUG[0m:    [07-03-2025 13:44:21] Starting component LocalExecutor
[36mDEBUG[0m:    [07-03-2025 13:44:21] Starting component SegmentAPI
[36mDEBUG[0m:    [07-03-2025 13:44:21] Starting component SimpleAsyncRateLimitEnforcer
[32mINFO[0m:     [07-03-2025 13:44:21] Started server process [[36m631744[0m]
[32mINFO[0m:     [07-03-2025 13:44:21] Waiting for application startup.
[32mINFO[0m:     [07-03-2025 13:44:21] Application startup complete.
[32mINFO[0m:     [07-03-2025 13:44:21] Uvicorn running on [1mhttp://localhost:8000[0m (Press CTRL+C to quit)
[32mINFO[0m:     [07-03-2025 13:45:01] 127.0.0.1:32986 - "GET / HTTP/1.1" 404
[32mINFO[0m:     [07-03-2025 16:02:51] 127.0.0.1:36010 - "GET / HTTP/1.1" 404
[32mINFO[0m:     [07-03-2025 16:03:04] 127.0.0.1:36010 - "GET / HTTP/1.1" 404
[32mINFO[0m:     [07-03-2025 16:05:03] 127.0.0.1:48056 - "GET / HTTP/1.1" 404
[32mINFO[0m:     [07-03-2025 16:08:00] 127.0.0.1:48040 - "GET / HTTP/1.1" 404
[32mINFO[0m:     [07-03-2025 16:08:34] 127.0.0.1:33646 - "GET / HTTP/1.1" 404
[32mINFO[0m:     [07-03-2025 16:34:39] 127.0.0.1:44478 - "GET / HTTP/1.1" 404
[32mINFO[0m:     [26-04-2025 11:44:46] Set chroma_server_nofile to 65535
[32mINFO[0m:     [26-04-2025 11:44:46] Anonymized telemetry enabled. See                     https://docs.trychroma.com/telemetry for more information.
[36mDEBUG[0m:    [26-04-2025 11:44:46] Starting component System
[36mDEBUG[0m:    [26-04-2025 11:44:46] Starting component OpenTelemetryClient
[36mDEBUG[0m:    [26-04-2025 11:44:46] Starting component SqliteDB
[36mDEBUG[0m:    [26-04-2025 11:44:46] Starting component SimpleQuotaEnforcer
[36mDEBUG[0m:    [26-04-2025 11:44:46] Starting component Posthog
[36mDEBUG[0m:    [26-04-2025 11:44:46] Starting component SimpleRateLimitEnforcer
[36mDEBUG[0m:    [26-04-2025 11:44:46] Starting component LocalSegmentManager
[36mDEBUG[0m:    [26-04-2025 11:44:46] Starting component LocalExecutor
[36mDEBUG[0m:    [26-04-2025 11:44:46] Starting component SegmentAPI
[36mDEBUG[0m:    [26-04-2025 11:44:46] Starting component SimpleAsyncRateLimitEnforcer
[32mINFO[0m:     [26-04-2025 11:44:46] Started server process [[36m647563[0m]
[32mINFO[0m:     [26-04-2025 11:44:46] Waiting for application startup.
[32mINFO[0m:     [26-04-2025 11:44:46] Application startup complete.
[32mINFO[0m:     [26-04-2025 11:44:46] Uvicorn running on [1mhttp://localhost:8000[0m (Press CTRL+C to quit)
[32mINFO[0m:     [26-04-2025 11:45:04] 127.0.0.1:36498 - "GET / HTTP/1.1" 404
[32mINFO[0m:     [26-04-2025 11:45:05] 127.0.0.1:36498 - "GET /favicon.ico HTTP/1.1" 404
[32mINFO[0m:     [26-04-2025 11:45:14] 127.0.0.1:36498 - "GET / HTTP/1.1" 404
[32mINFO[0m:     [26-04-2025 11:45:36] 127.0.0.1:36498 - "GET / HTTP/1.1" 404
[32mINFO[0m:     [26-04-2025 11:49:17] 127.0.0.1:53176 - "GET / HTTP/1.1" 404
[32mINFO[0m:     [26-04-2025 11:49:18] 127.0.0.1:53176 - "GET /favicon.ico HTTP/1.1" 404
